<?xml version="1.0" encoding="UTF-8"?>
<testng-results ignored="0" total="0" passed="0" failed="0" skipped="0">
  <reporter-output>
  </reporter-output>
  <suite started-at="2022-04-04T12:29:11 EET" name="Default Suite" finished-at="2022-04-04T12:29:11 EET" duration-ms="5">
    <groups>
    </groups>
    <test started-at="2022-04-04T12:29:11 EET" name="BankingSystem" finished-at="2022-04-04T12:29:11 EET" duration-ms="5">
      <class name="tests.BaseTests">
        <test-method is-config="true" signature="setUp(java.lang.String)[pri:0, instance:tests.BaseTests@1d082e88]" started-at="2022-04-04T12:29:04 EET" name="setUp" finished-at="2022-04-04T12:29:11 EET" duration-ms="6525" status="PASS">
          <params>
            <param index="0">
              <value>
                <![CDATA[chrome]]>
              </value>
            </param>
          </params>
          <reporter-output>
          </reporter-output>
        </test-method> <!-- setUp -->
        <test-method is-config="true" signature="tearDown()[pri:0, instance:tests.BaseTests@1d082e88]" started-at="2022-04-04T12:29:11 EET" name="tearDown" finished-at="2022-04-04T12:29:11 EET" duration-ms="268" status="PASS">
          <reporter-output>
          </reporter-output>
        </test-method> <!-- tearDown -->
      </class> <!-- tests.BaseTests -->
    </test> <!-- BankingSystem -->
  </suite> <!-- Default Suite -->
</testng-results>
