<?xml version="1.0" encoding="UTF-8"?>
<!-- Generated by org.testng.reporters.JUnitXMLReporter -->
<testsuite ignored="3" hostname="Saad" failures="0" tests="10" name="Regression Test" time="27.156" errors="0" timestamp="2022-04-06T10:08:31 EET">
  <testcase classname="tests.ContactUsTest" name="contactUs" time="2.388"/>
  <testcase classname="tests.AddProductToCompareTests" name="UserCanSearchForAppleUsingAutoComplete" time="4.009"/>
  <testcase classname="tests.AddProductToCompareTests" name="addAppleToComparison" time="0.146"/>
  <testcase classname="tests.AddProductToCompareTests" name="UserCanSearchForAsusUsingAutoComplete" time="3.903"/>
  <testcase classname="tests.AddProductToCompareTests" name="addAsusToComparison" time="3.042"/>
  <testcase classname="tests.AddProductToCompareTests" name="removeFromCompare" time="1.006"/>
  <testcase classname="tests.SearchProductUsingAutoComplete" name="UserCanSearchUsingAutoComplete" time="4.691"/>
  <testcase classname="tests.WishListTest" name="UserCanSearchUsingAutoComplete" time="4.791"/>
  <testcase classname="tests.WishListTest" name="AddToWishList" time="2.463"/>
  <testcase classname="tests.WishListTest" name="removeProductFromWishList" time="0.636"/>
  <testcase classname="tests.BaseTests" name="@BeforeSuite setUp" time="0.0">
    <ignored/>
  </testcase> <!-- @BeforeSuite setUp -->
  <testcase classname="tests.BaseTests" name="@BeforeSuite setUp" time="0.0">
    <ignored/>
  </testcase> <!-- @BeforeSuite setUp -->
  <testcase classname="tests.BaseTests" name="@BeforeSuite setUp" time="0.0">
    <ignored/>
  </testcase> <!-- @BeforeSuite setUp -->
</testsuite> <!-- Regression Test -->
